\BOOKMARK [0][-]{chapter.1}{\376\377\000s\000p\000e\000c\000i\000f\000i\000c\000a\000t\000i\000o\000n\000s}{}% 1
\BOOKMARK [1][-]{section.1.1}{\376\377\000p\000i\000n\000o\000u\000t}{chapter.1}% 2
\BOOKMARK [1][-]{section.1.2}{\376\377\000s\000i\000g\000n\000a\000l\000s}{chapter.1}% 3
\BOOKMARK [0][-]{chapter.2}{\376\377\000a\000m\000p\000l\000i\000f\000i\000e\000r}{}% 4
\BOOKMARK [1][-]{section.2.1}{\376\377\000s\000c\000h\000e\000m\000a\000t\000i\000c}{chapter.2}% 5
\BOOKMARK [1][-]{section.2.2}{\376\377\000l\000a\000y\000o\000u\000t}{chapter.2}% 6
\BOOKMARK [0][-]{chapter.3}{\376\377\000d\000i\000f\000f\000e\000r\000e\000n\000t\000i\000a\000l\000\040\000a\000m\000p\000l\000i\000f\000i\000e\000r}{}% 7
\BOOKMARK [1][-]{section.3.1}{\376\377\000s\000c\000h\000e\000m\000a\000t\000i\000c}{chapter.3}% 8
\BOOKMARK [1][-]{section.3.2}{\376\377\000l\000a\000y\000o\000u\000t}{chapter.3}% 9
\BOOKMARK [0][-]{chapter.4}{\376\377\000d\000u\000a\000l\000\040\000i\000n\000p\000u\000t\000\040\000d\000i\000f\000f\000e\000r\000e\000n\000t\000i\000a\000l\000\040\000a\000m\000p\000l\000i\000f\000i\000e\000r}{}% 10
\BOOKMARK [1][-]{section.4.1}{\376\377\000s\000c\000h\000e\000m\000a\000t\000i\000c}{chapter.4}% 11
\BOOKMARK [1][-]{section.4.2}{\376\377\000l\000a\000y\000o\000u\000t}{chapter.4}% 12
\BOOKMARK [0][-]{chapter.5}{\376\377\000a\000m\000p\000l\000i\000f\000i\000e\000r\000\040\000s\000i\000m\000u\000l\000a\000t\000i\000o\000n\000s}{}% 13
\BOOKMARK [0][-]{chapter.6}{\376\377\000s\000h\000u\000n\000t\000\040\000r\000e\000g\000u\000l\000a\000t\000o\000r\000\040\0003\000.\0003\000V}{}% 14
\BOOKMARK [1][-]{section.6.1}{\376\377\000s\000c\000h\000e\000m\000a\000t\000i\000c}{chapter.6}% 15
\BOOKMARK [1][-]{section.6.2}{\376\377\000l\000a\000y\000o\000u\000t}{chapter.6}% 16
\BOOKMARK [1][-]{section.6.3}{\376\377\000o\000p\000t\000i\000o\000n\000s}{chapter.6}% 17
\BOOKMARK [1][-]{section.6.4}{\376\377\000s\000i\000m\000u\000l\000a\000t\000i\000o\000n}{chapter.6}% 18
\BOOKMARK [0][-]{chapter.7}{\376\377\000h\000i\000g\000h\000\040\000v\000o\000l\000t\000a\000g\000e\000\040\000O\000T\000A}{}% 19
\BOOKMARK [1][-]{section.7.1}{\376\377\000O\000T\000A}{chapter.7}% 20
\BOOKMARK [1][-]{section.7.2}{\376\377\000b\000i\000a\000s\000\040\000g\000e\000n\000e\000r\000a\000t\000o\000r}{chapter.7}% 21
\BOOKMARK [1][-]{section.7.3}{\376\377\000l\000a\000y\000o\000u\000t}{chapter.7}% 22
\BOOKMARK [1][-]{section.7.4}{\376\377\000s\000i\000m\000u\000l\000a\000t\000i\000o\000n\000s}{chapter.7}% 23
\BOOKMARK [1][-]{section.7.5}{\376\377\000E\000T\000H\000Z\000\040\000f\000e\000e\000d\000b\000a\000c\000k}{chapter.7}% 24
\BOOKMARK [0][-]{chapter.8}{\376\377\000e\000x\000p\000e\000r\000i\000m\000e\000n\000t\000s}{}% 25
\BOOKMARK [1][-]{section.8.1}{\376\377\000R\000P\000P\000D}{chapter.8}% 26
\BOOKMARK [1][-]{section.8.2}{\376\377\000s\000g\0001\0003\000g\0002}{chapter.8}% 27
\BOOKMARK [1][-]{section.8.3}{\376\377\000c\000a\000l\000i\000b\000r\000a\000t\000i\000o\000n\000\040\000k\000i\000t}{chapter.8}% 28
\BOOKMARK [0][-]{chapter.9}{\376\377\000d\000e\000s\000i\000g\000n\000\040\000d\000a\000t\000a\000\040\000a\000n\000d\000\040\000d\000e\000s\000i\000g\000n\000\040\000p\000r\000o\000c\000e\000s\000s\000\040\000d\000e\000s\000c\000r\000i\000p\000t\000i\000o\000n}{}% 29
\BOOKMARK [1][-]{section.9.1}{\376\377\000i\000H\000P\000\040\0001\0003\0000\000n\000m\000\040\000B\000i\000C\000M\000O\000S\000\040\000p\000r\000o\000c\000e\000s\000s\000\040\000s\000g\0001\0003\000g\0002}{chapter.9}% 30
\BOOKMARK [1][-]{section.9.2}{\376\377\000X\000s\000c\000h\000e\000m\000\040\000s\000c\000h\000e\000m\000a\000t\000i\000c\000s\000:}{chapter.9}% 31
\BOOKMARK [1][-]{section.9.3}{\376\377\000K\000L\000a\000y\000o\000u\000t\000\040\000.\000G\000D\000S\000:}{chapter.9}% 32
\BOOKMARK [0][-]{chapter.10}{\376\377\000v\000a\000l\000i\000d\000a\000t\000i\000o\000n\000\040\000o\000f\000\040\000t\000h\000e\000\040\000c\000i\000r\000c\000u\000i\000t\000s}{}% 33
